;  LST file generated by mikroListExporter - v.2.0 
; Date/Time: 5/26/2024 9:16:28 PM
;----------------------------------------------

;Address Opcode 	ASM
0x0000	0x2A0E      	GOTO       526
_interrupt:
0x0004	0x00FF      	MOVWF      R15
0x0005	0x0E03      	SWAPF      STATUS, 0
0x0006	0x0183      	CLRF       STATUS
0x0007	0x00B4      	MOVWF      ___saveSTATUS
0x0008	0x080A      	MOVF       PCLATH, 0
0x0009	0x00B3      	MOVWF      ___savePCLATH
0x000A	0x018A      	CLRF       PCLATH
0x000B	0x0870      	MOVF       R0, 0
0x000C	0x00A5      	MOVWF      37
0x000D	0x0871      	MOVF       R1, 0
0x000E	0x00A4      	MOVWF      36
0x000F	0x0872      	MOVF       R2, 0
0x0010	0x00A3      	MOVWF      35
0x0011	0x0873      	MOVF       R3, 0
0x0012	0x00A2      	MOVWF      34
0x0013	0x0874      	MOVF       R4, 0
0x0014	0x00A1      	MOVWF      33
;litter box.c,11 :: 		void interrupt(void){
;litter box.c,13 :: 		if(PIR1 & 0x04){
0x0015	0x1D0C      	BTFSS      PIR1, 2
0x0016	0x283E      	GOTO       L_interrupt0
;litter box.c,14 :: 		if(HL){
0x0017	0x0832      	MOVF       _HL, 0
0x0018	0x1903      	BTFSC      STATUS, 2
0x0019	0x2827      	GOTO       L_interrupt1
;litter box.c,15 :: 		CCPR1H = angle >> 8;
0x001A	0x082B      	MOVF       _angle+1, 0
0x001B	0x00F0      	MOVWF      R0
0x001C	0x01F1      	CLRF       R0+1
0x001D	0x0870      	MOVF       R0, 0
0x001E	0x0096      	MOVWF      CCPR1H
;litter box.c,16 :: 		CCPR1L = angle;
0x001F	0x082A      	MOVF       _angle, 0
0x0020	0x0095      	MOVWF      CCPR1L
;litter box.c,17 :: 		HL = 0;
0x0021	0x01B2      	CLRF       _HL
;litter box.c,18 :: 		CCP1CON = 0x09;              // compare mode, clear output on match
0x0022	0x3009      	MOVLW      9
0x0023	0x0097      	MOVWF      CCP1CON
;litter box.c,19 :: 		TMR1H = 0;
0x0024	0x018F      	CLRF       TMR1H
;litter box.c,20 :: 		TMR1L = 0;
0x0025	0x018E      	CLRF       TMR1L
;litter box.c,21 :: 		}
0x0026	0x283C      	GOTO       L_interrupt2
L_interrupt1:
;litter box.c,23 :: 		CCPR1H = (40000 - angle) >> 8;
0x0027	0x082A      	MOVF       _angle, 0
0x0028	0x3C40      	SUBLW      64
0x0029	0x00F3      	MOVWF      R3
0x002A	0x082B      	MOVF       _angle+1, 0
0x002B	0x1C03      	BTFSS      STATUS, 0
0x002C	0x3E01      	ADDLW      1
0x002D	0x3C9C      	SUBLW      156
0x002E	0x00F4      	MOVWF      R3+1
0x002F	0x0874      	MOVF       R3+1, 0
0x0030	0x00F0      	MOVWF      R0
0x0031	0x01F1      	CLRF       R0+1
0x0032	0x0870      	MOVF       R0, 0
0x0033	0x0096      	MOVWF      CCPR1H
;litter box.c,24 :: 		CCPR1L = (40000 - angle);
0x0034	0x0873      	MOVF       R3, 0
0x0035	0x0095      	MOVWF      CCPR1L
;litter box.c,25 :: 		CCP1CON = 0x08;             // compare mode, set output on match
0x0036	0x3008      	MOVLW      8
0x0037	0x0097      	MOVWF      CCP1CON
;litter box.c,26 :: 		HL = 1;
0x0038	0x3001      	MOVLW      1
0x0039	0x00B2      	MOVWF      _HL
;litter box.c,27 :: 		TMR1H = 0;
0x003A	0x018F      	CLRF       TMR1H
;litter box.c,28 :: 		TMR1L = 0;
0x003B	0x018E      	CLRF       TMR1L
;litter box.c,29 :: 		}
L_interrupt2:
;litter box.c,31 :: 		PIR1 = PIR1&0xFB;
0x003C	0x30FB      	MOVLW      251
0x003D	0x058C      	ANDWF      PIR1, 1
;litter box.c,32 :: 		}
L_interrupt0:
;litter box.c,35 :: 		}
L_end_interrupt:
L__interrupt24:
0x003E	0x0825      	MOVF       37, 0
0x003F	0x00F0      	MOVWF      R0
0x0040	0x0824      	MOVF       36, 0
0x0041	0x00F1      	MOVWF      R1
0x0042	0x0823      	MOVF       35, 0
0x0043	0x00F2      	MOVWF      R2
0x0044	0x0822      	MOVF       34, 0
0x0045	0x00F3      	MOVWF      R3
0x0046	0x0821      	MOVF       33, 0
0x0047	0x00F4      	MOVWF      R4
0x0048	0x0833      	MOVF       ___savePCLATH, 0
0x0049	0x008A      	MOVWF      PCLATH
0x004A	0x0E34      	SWAPF      ___saveSTATUS, 0
0x004B	0x0083      	MOVWF      STATUS
0x004C	0x0EFF      	SWAPF      R15, 1
0x004D	0x0E7F      	SWAPF      R15, 0
0x004E	0x0009      	RETFIE
; end of _interrupt
_RES032:
;__Lib_MathDouble.c,123 :: 		
;__Lib_MathDouble.c,128 :: 		
0x004F	0x01F2      	CLRF       R2
;__Lib_MathDouble.c,129 :: 		
0x0050	0x01F1      	CLRF       R1
;__Lib_MathDouble.c,130 :: 		
0x0051	0x01F0      	CLRF       R0
;__Lib_MathDouble.c,131 :: 		
0x0052	0x01F8      	CLRF       R8
;__Lib_MathDouble.c,132 :: 		
0x0053	0x01F3      	CLRF       R3
;__Lib_MathDouble.c,133 :: 		
0x0054	0x3000      	MOVLW      0
;__Lib_MathDouble.c,135 :: 		
L_end_RES032:
0x0055	0x0008      	RETURN
; end of _RES032
_SETFUN32:
;__Lib_MathDouble.c,138 :: 		
;__Lib_MathDouble.c,145 :: 		
0x0056	0x157B      	BSF        R11, 2
;__Lib_MathDouble.c,146 :: 		
0x0057	0x1FFB      	BTFSS      R11, 7
;__Lib_MathDouble.c,147 :: 		
0x0058	0x2860      	GOTO       SETFUN32EEE
;__Lib_MathDouble.c,148 :: 		
0x0059	0x3001      	MOVLW      1
;__Lib_MathDouble.c,149 :: 		
0x005A	0x00F3      	MOVWF      R3
;__Lib_MathDouble.c,150 :: 		
0x005B	0x01F2      	CLRF       R2
;__Lib_MathDouble.c,151 :: 		
0x005C	0x01F1      	CLRF       R1
;__Lib_MathDouble.c,152 :: 		
0x005D	0x01F0      	CLRF       R0
;__Lib_MathDouble.c,153 :: 		
0x005E	0x0DFA      	RLF        R10, 1
;__Lib_MathDouble.c,154 :: 		
0x005F	0x0CF2      	RRF        R2, 1
;__Lib_MathDouble.c,155 :: 		
SETFUN32EEE:
;__Lib_MathDouble.c,156 :: 		
0x0060	0x30FF      	MOVLW      255
;__Lib_MathDouble.c,158 :: 		
L_end_SETFUN32:
0x0061	0x0008      	RETURN
; end of _SETFUN32
_FIXSIGN32:
;__Lib_MathDouble.c,112 :: 		
;__Lib_MathDouble.c,116 :: 		
0x0062	0x1FFA      	BTFSS      R10, 7
;__Lib_MathDouble.c,117 :: 		
0x0063	0x13F2      	BCF        R2, 7
;__Lib_MathDouble.c,118 :: 		
0x0064	0x3000      	MOVLW      0
;__Lib_MathDouble.c,120 :: 		
L_end_FIXSIGN32:
0x0065	0x0008      	RETURN
; end of _FIXSIGN32
_____DoICP:
;__Lib_System.c,6 :: 		
;__Lib_System.c,9 :: 		
0x0066	0x1283      	BCF        STATUS, 5
0x0067	0x1303      	BCF        STATUS, 6
0x0068	0x082F      	MOVF       ___DoICPAddr+1, 0
0x0069	0x008A      	MOVWF      PCLATH
;__Lib_System.c,10 :: 		
0x006A	0x082E      	MOVF       ___DoICPAddr, 0
0x006B	0x0082      	MOVWF      PCL
;__Lib_System.c,12 :: 		
L_end_____DoICP:
0x006C	0x0008      	RETURN
; end of _____DoICP
_Div_16x16_S_L:
;__Lib_Math.c,420 :: 		
;__Lib_Math.c,426 :: 		
0x006D	0x0D71      	RLF        R1, 0
;__Lib_Math.c,427 :: 		
0x006E	0x0DF8      	RLF        R8, 1
;__Lib_Math.c,428 :: 		
0x006F	0x0DF9      	RLF        R9, 1
;__Lib_Math.c,429 :: 		
0x0070	0x0874      	MOVF       R4, 0
;__Lib_Math.c,430 :: 		
0x0071	0x02F8      	SUBWF      R8, 1
;__Lib_Math.c,431 :: 		
0x0072	0x0875      	MOVF       R5, 0
;__Lib_Math.c,432 :: 		
0x0073	0x1C03      	BTFSS      STATUS, 0
;__Lib_Math.c,433 :: 		
0x0074	0x0F75      	INCFSZ     R5, 0
;__Lib_Math.c,434 :: 		
0x0075	0x02F9      	SUBWF      R9, 1
;__Lib_Math.c,435 :: 		
0x0076	0x0DF0      	RLF        R0, 1
;__Lib_Math.c,436 :: 		
0x0077	0x0DF1      	RLF        R1, 1
;__Lib_Math.c,438 :: 		
0x0078	0x300F      	MOVLW      15
;__Lib_Math.c,439 :: 		
0x0079	0x00FC      	MOVWF      R12
;__Lib_Math.c,441 :: 		
0x007A	0x0D71      	RLF        R1, 0
;__Lib_Math.c,442 :: 		
0x007B	0x0DF8      	RLF        R8, 1
;__Lib_Math.c,443 :: 		
0x007C	0x0DF9      	RLF        R9, 1
;__Lib_Math.c,444 :: 		
0x007D	0x0874      	MOVF       R4, 0
;__Lib_Math.c,446 :: 		
0x007E	0x1C70      	BTFSS      R0, 0
;__Lib_Math.c,447 :: 		
0x007F	0x2886      	GOTO       $+7
;__Lib_Math.c,448 :: 		
0x0080	0x02F8      	SUBWF      R8, 1
;__Lib_Math.c,449 :: 		
0x0081	0x0875      	MOVF       R5, 0
;__Lib_Math.c,450 :: 		
0x0082	0x1C03      	BTFSS      STATUS, 0
;__Lib_Math.c,451 :: 		
0x0083	0x0F75      	INCFSZ     R5, 0
;__Lib_Math.c,452 :: 		
0x0084	0x02F9      	SUBWF      R9, 1
;__Lib_Math.c,453 :: 		
0x0085	0x288B      	GOTO       $+6
;__Lib_Math.c,455 :: 		
0x0086	0x07F8      	ADDWF      R8, 1
;__Lib_Math.c,456 :: 		
0x0087	0x0875      	MOVF       R5, 0
;__Lib_Math.c,457 :: 		
0x0088	0x1803      	BTFSC      STATUS, 0
;__Lib_Math.c,458 :: 		
0x0089	0x0F75      	INCFSZ     R5, 0
;__Lib_Math.c,459 :: 		
0x008A	0x07F9      	ADDWF      R9, 1
;__Lib_Math.c,461 :: 		
0x008B	0x0DF0      	RLF        R0, 1
;__Lib_Math.c,462 :: 		
0x008C	0x0DF1      	RLF        R1, 1
;__Lib_Math.c,464 :: 		
0x008D	0x0BFC      	DECFSZ     R12, 1
;__Lib_Math.c,465 :: 		
0x008E	0x287A      	GOTO       $-20
;__Lib_Math.c,467 :: 		
0x008F	0x1870      	BTFSC      R0, 0
;__Lib_Math.c,468 :: 		
0x0090	0x2897      	GOTO       $+7
;__Lib_Math.c,469 :: 		
0x0091	0x0874      	MOVF       R4, 0
;__Lib_Math.c,470 :: 		
0x0092	0x07F8      	ADDWF      R8, 1
;__Lib_Math.c,471 :: 		
0x0093	0x0875      	MOVF       R5, 0
;__Lib_Math.c,472 :: 		
0x0094	0x1803      	BTFSC      STATUS, 0
;__Lib_Math.c,473 :: 		
0x0095	0x0F75      	INCFSZ     R5, 0
;__Lib_Math.c,474 :: 		
0x0096	0x07F9      	ADDWF      R9, 1
;__Lib_Math.c,475 :: 		
0x0097	0x0000      	NOP
;__Lib_Math.c,477 :: 		
L_end_Div_16x16_S_L:
0x0098	0x0008      	RETURN
; end of _Div_16x16_S_L
_NRM3232:
;__Lib_MathDouble.c,167 :: 		
;__Lib_MathDouble.c,173 :: 		
;__Lib_MathDouble.c,175 :: 		
0x0099	0x01A0      	CLRF       __math_tempbD
;__Lib_MathDouble.c,176 :: 		
0x009A	0x0872      	MOVF       R2, 0
;__Lib_MathDouble.c,177 :: 		
0x009B	0x1D03      	BTFSS      STATUS, 2
;__Lib_MathDouble.c,178 :: 		
0x009C	0x28AE      	GOTO       NORM3232
;__Lib_MathDouble.c,179 :: 		
0x009D	0x0871      	MOVF       R1, 0
;__Lib_MathDouble.c,180 :: 		
0x009E	0x00F2      	MOVWF      R2
;__Lib_MathDouble.c,181 :: 		
0x009F	0x0870      	MOVF       R0, 0
;__Lib_MathDouble.c,182 :: 		
0x00A0	0x00F1      	MOVWF      R1
;__Lib_MathDouble.c,183 :: 		
0x00A1	0x01F0      	CLRF       R0
;__Lib_MathDouble.c,184 :: 		
0x00A2	0x15A0      	BSF        __math_tempbD, 3
;__Lib_MathDouble.c,186 :: 		
0x00A3	0x0872      	MOVF       R2, 0
;__Lib_MathDouble.c,187 :: 		
0x00A4	0x1D03      	BTFSS      STATUS, 2
;__Lib_MathDouble.c,188 :: 		
0x00A5	0x28AE      	GOTO       NORM3232
;__Lib_MathDouble.c,189 :: 		
0x00A6	0x0871      	MOVF       R1, 0
;__Lib_MathDouble.c,190 :: 		
0x00A7	0x00F2      	MOVWF      R2
;__Lib_MathDouble.c,191 :: 		
0x00A8	0x01F1      	CLRF       R1
;__Lib_MathDouble.c,192 :: 		
0x00A9	0x11A0      	BCF        __math_tempbD, 3
;__Lib_MathDouble.c,193 :: 		
0x00AA	0x1620      	BSF        __math_tempbD, 4
;__Lib_MathDouble.c,195 :: 		
0x00AB	0x0872      	MOVF       R2, 0
;__Lib_MathDouble.c,196 :: 		
0x00AC	0x1903      	BTFSC      STATUS, 2
;__Lib_MathDouble.c,197 :: 		
0x00AD	0x28BC      	GOTO       JPNRES032
;__Lib_MathDouble.c,198 :: 		
NORM3232:
;__Lib_MathDouble.c,199 :: 		
0x00AE	0x0820      	MOVF       __math_tempbD, 0
;__Lib_MathDouble.c,200 :: 		
0x00AF	0x02F3      	SUBWF      R3, 1
;__Lib_MathDouble.c,201 :: 		
0x00B0	0x1D03      	BTFSS      STATUS, 2
;__Lib_MathDouble.c,202 :: 		
0x00B1	0x1C03      	BTFSS      STATUS, 0
;__Lib_MathDouble.c,203 :: 		
0x00B2	0x28C0      	GOTO       JPNSETFUN32
;__Lib_MathDouble.c,204 :: 		
0x00B3	0x1003      	BCF        STATUS, 0
;__Lib_MathDouble.c,205 :: 		
NORM3232A:
;__Lib_MathDouble.c,206 :: 		
0x00B4	0x1BF2      	BTFSC      R2, 7
;__Lib_MathDouble.c,207 :: 		
0x00B5	0x28C4      	GOTO       JMPNFIXSIGN32
;__Lib_MathDouble.c,208 :: 		
0x00B6	0x0DF0      	RLF        R0, 1
;__Lib_MathDouble.c,209 :: 		
0x00B7	0x0DF1      	RLF        R1, 1
;__Lib_MathDouble.c,210 :: 		
0x00B8	0x0DF2      	RLF        R2, 1
;__Lib_MathDouble.c,211 :: 		
0x00B9	0x0BF3      	DECFSZ     R3, 1
;__Lib_MathDouble.c,212 :: 		
0x00BA	0x28B4      	GOTO       NORM3232A
;__Lib_MathDouble.c,213 :: 		
0x00BB	0x28C0      	GOTO       JPNSETFUN32
;__Lib_MathDouble.c,214 :: 		
JPNRES032:
;__Lib_MathDouble.c,215 :: 		
0x00BC	0x3001      	MOVLW      1
;__Lib_MathDouble.c,216 :: 		
0x00BD	0x00FC      	MOVWF      R12
;__Lib_MathDouble.c,218 :: 		
0x00BE	0x204F      	CALL       _RES032
;__Lib_MathDouble.c,220 :: 		
0x00BF	0x28C7      	GOTO       NORM32EEE
;__Lib_MathDouble.c,221 :: 		
JPNSETFUN32:
;__Lib_MathDouble.c,222 :: 		
0x00C0	0x3002      	MOVLW      2
;__Lib_MathDouble.c,223 :: 		
0x00C1	0x00FC      	MOVWF      R12
;__Lib_MathDouble.c,225 :: 		
0x00C2	0x2056      	CALL       _SETFUN32
;__Lib_MathDouble.c,227 :: 		
0x00C3	0x28C7      	GOTO       NORM32EEE
;__Lib_MathDouble.c,228 :: 		
JMPNFIXSIGN32:
;__Lib_MathDouble.c,229 :: 		
0x00C4	0x3004      	MOVLW      4
;__Lib_MathDouble.c,230 :: 		
0x00C5	0x00FC      	MOVWF      R12
;__Lib_MathDouble.c,232 :: 		
0x00C6	0x2062      	CALL       _FIXSIGN32
;__Lib_MathDouble.c,234 :: 		
NORM32EEE:
;__Lib_MathDouble.c,236 :: 		
L_end_NRM3232:
0x00C7	0x0008      	RETURN
; end of _NRM3232
_Int2Double:
;__Lib_MathDouble.c,1812 :: 		
;__Lib_MathDouble.c,1818 :: 		
0x00C8	0x1283      	BCF        STATUS, 5
;__Lib_MathDouble.c,1819 :: 		
0x00C9	0x1303      	BCF        STATUS, 6
;__Lib_MathDouble.c,1820 :: 		
0x00CA	0x0870      	MOVF       R0, 0
;__Lib_MathDouble.c,1821 :: 		
0x00CB	0x00F8      	MOVWF      R8
;__Lib_MathDouble.c,1822 :: 		
0x00CC	0x0871      	MOVF       R1, 0
;__Lib_MathDouble.c,1823 :: 		
0x00CD	0x00F0      	MOVWF      R0
;__Lib_MathDouble.c,1824 :: 		
0x00CE	0x01F1      	CLRF       R1
;__Lib_MathDouble.c,1825 :: 		
0x00CF	0x01F2      	CLRF       R2
;__Lib_MathDouble.c,1826 :: 		
0x00D0	0x01F3      	CLRF       R3
;__Lib_MathDouble.c,1829 :: 		
0x00D1	0x01FB      	CLRF       R11
;__Lib_MathDouble.c,1830 :: 		
0x00D2	0x01FC      	CLRF       R12
;__Lib_MathDouble.c,1832 :: 		
0x00D3	0x3096      	MOVLW      150
;__Lib_MathDouble.c,1833 :: 		
0x00D4	0x00F3      	MOVWF      R3
;__Lib_MathDouble.c,1834 :: 		
0x00D5	0x01FA      	CLRF       R10
;__Lib_MathDouble.c,1835 :: 		
0x00D6	0x1FF0      	BTFSS      R0, 7
;__Lib_MathDouble.c,1836 :: 		
0x00D7	0x28DE      	GOTO       FLO1632EEE
;__Lib_MathDouble.c,1838 :: 		
0x00D8	0x09F8      	COMF       R8, 1
;__Lib_MathDouble.c,1839 :: 		
0x00D9	0x09F0      	COMF       R0, 1
;__Lib_MathDouble.c,1841 :: 		
0x00DA	0x0AF8      	INCF       R8, 1
;__Lib_MathDouble.c,1842 :: 		
0x00DB	0x1903      	BTFSC      STATUS, 2
;__Lib_MathDouble.c,1843 :: 		
0x00DC	0x0AF0      	INCF       R0, 1
;__Lib_MathDouble.c,1845 :: 		
0x00DD	0x17FA      	BSF        R10, 7
;__Lib_MathDouble.c,1846 :: 		
FLO1632EEE:
;__Lib_MathDouble.c,1847 :: 		
0x00DE	0x0870      	MOVF       R0, 0
;__Lib_MathDouble.c,1848 :: 		
0x00DF	0x00F1      	MOVWF      R1
;__Lib_MathDouble.c,1849 :: 		
0x00E0	0x0878      	MOVF       R8, 0
;__Lib_MathDouble.c,1850 :: 		
0x00E1	0x00F0      	MOVWF      R0
;__Lib_MathDouble.c,1851 :: 		
0x00E2	0x01F8      	CLRF       R8
;__Lib_MathDouble.c,1852 :: 		
0x00E3	0x01F2      	CLRF       R2
;__Lib_MathDouble.c,1854 :: 		
0x00E4	0x2099      	CALL       _NRM3232
;__Lib_MathDouble.c,1855 :: 		
L_end_Int2Double:
0x00E5	0x0008      	RETURN
; end of _Int2Double
_ATD_init:
;litter box.c,91 :: 		void ATD_init(void){
;litter box.c,92 :: 		ADCON0=0x41;           // ON, Channel 0, Fosc/16== 500KHz, Dont Go
0x00E6	0x3041      	MOVLW      65
0x00E7	0x1283      	BCF        STATUS, 5
0x00E8	0x1303      	BCF        STATUS, 6
0x00E9	0x009F      	MOVWF      ADCON0
;litter box.c,93 :: 		ADCON1=0xCE;           // RA0 Analog, others are Digital, Right Allignment,
0x00EA	0x30CE      	MOVLW      206
0x00EB	0x1683      	BSF        STATUS, 5
0x00EC	0x009F      	MOVWF      ADCON1
;litter box.c,94 :: 		TRISA=0x01;
0x00ED	0x3001      	MOVLW      1
0x00EE	0x0085      	MOVWF      TRISA
;litter box.c,95 :: 		}
L_end_ATD_init:
0x00EF	0x0008      	RETURN
; end of _ATD_init
_Mul_16x16_U:
;__Lib_Math.c,136 :: 		
;__Lib_Math.c,143 :: 		
0x00F0	0x1283      	BCF        STATUS, 5
;__Lib_Math.c,144 :: 		
0x00F1	0x1303      	BCF        STATUS, 6
;__Lib_Math.c,145 :: 		
0x00F2	0x01FB      	CLRF       R11
;__Lib_Math.c,146 :: 		
0x00F3	0x01FA      	CLRF       R10
;__Lib_Math.c,147 :: 		
0x00F4	0x01F9      	CLRF       R9
;__Lib_Math.c,148 :: 		
0x00F5	0x3080      	MOVLW      128
;__Lib_Math.c,149 :: 		
0x00F6	0x00F8      	MOVWF      R8
;__Lib_Math.c,150 :: 		
0x00F7	0x0CF1      	RRF        R1, 1
;__Lib_Math.c,151 :: 		
0x00F8	0x0CF0      	RRF        R0, 1
;__Lib_Math.c,152 :: 		
0x00F9	0x1C03      	BTFSS      STATUS, 0
;__Lib_Math.c,153 :: 		
0x00FA	0x2904      	GOTO       $+10
;__Lib_Math.c,154 :: 		
0x00FB	0x0874      	MOVF       R4, 0
;__Lib_Math.c,155 :: 		
0x00FC	0x07F9      	ADDWF      R9, 1
;__Lib_Math.c,156 :: 		
0x00FD	0x0875      	MOVF       R5, 0
;__Lib_Math.c,157 :: 		
0x00FE	0x1803      	BTFSC      STATUS, 0
;__Lib_Math.c,158 :: 		
0x00FF	0x0F75      	INCFSZ     R5, 0
;__Lib_Math.c,159 :: 		
0x0100	0x07FA      	ADDWF      R10, 1
;__Lib_Math.c,160 :: 		
0x0101	0x1803      	BTFSC      STATUS, 0
;__Lib_Math.c,161 :: 		
0x0102	0x0AFB      	INCF       R11, 1
;__Lib_Math.c,162 :: 		
0x0103	0x1003      	BCF        STATUS, 0
;__Lib_Math.c,163 :: 		
0x0104	0x1FF0      	BTFSS      R0, 7
;__Lib_Math.c,164 :: 		
0x0105	0x290C      	GOTO       $+7
;__Lib_Math.c,165 :: 		
0x0106	0x0874      	MOVF       R4, 0
;__Lib_Math.c,166 :: 		
0x0107	0x07FA      	ADDWF      R10, 1
;__Lib_Math.c,167 :: 		
0x0108	0x0875      	MOVF       R5, 0
;__Lib_Math.c,168 :: 		
0x0109	0x1803      	BTFSC      STATUS, 0
;__Lib_Math.c,169 :: 		
0x010A	0x0F75      	INCFSZ     R5, 0
;__Lib_Math.c,170 :: 		
0x010B	0x07FB      	ADDWF      R11, 1
;__Lib_Math.c,171 :: 		
0x010C	0x0CFB      	RRF        R11, 1
;__Lib_Math.c,172 :: 		
0x010D	0x0CFA      	RRF        R10, 1
;__Lib_Math.c,173 :: 		
0x010E	0x0CF9      	RRF        R9, 1
;__Lib_Math.c,174 :: 		
0x010F	0x0CF8      	RRF        R8, 1
;__Lib_Math.c,175 :: 		
0x0110	0x1C03      	BTFSS      STATUS, 0
;__Lib_Math.c,176 :: 		
0x0111	0x28F7      	GOTO       $-26
;__Lib_Math.c,177 :: 		
0x0112	0x087B      	MOVF       R11, 0
;__Lib_Math.c,178 :: 		
0x0113	0x00F3      	MOVWF      R3
;__Lib_Math.c,179 :: 		
0x0114	0x087A      	MOVF       R10, 0
;__Lib_Math.c,180 :: 		
0x0115	0x00F2      	MOVWF      R2
;__Lib_Math.c,181 :: 		
0x0116	0x0879      	MOVF       R9, 0
;__Lib_Math.c,182 :: 		
0x0117	0x00F1      	MOVWF      R1
;__Lib_Math.c,183 :: 		
0x0118	0x0878      	MOVF       R8, 0
;__Lib_Math.c,184 :: 		
0x0119	0x00F0      	MOVWF      R0
;__Lib_Math.c,187 :: 		
L_end_Mul_16x16_U:
0x011A	0x0008      	RETURN
; end of _Mul_16x16_U
_Div_16x16_S:
;__Lib_Math.c,479 :: 		
;__Lib_Math.c,487 :: 		
0x011B	0x1283      	BCF        STATUS, 5
0x011C	0x1303      	BCF        STATUS, 6
0x011D	0x0874      	MOVF       R4, 0
0x011E	0x3A00      	XORLW      0
0x011F	0x1D03      	BTFSS      STATUS, 2
0x0120	0x292A      	GOTO       L_Div_16x16_S0
;__Lib_Math.c,488 :: 		
0x0121	0x0875      	MOVF       R5, 0
0x0122	0x3A00      	XORLW      0
0x0123	0x1D03      	BTFSS      STATUS, 2
0x0124	0x292A      	GOTO       L_Div_16x16_S1
;__Lib_Math.c,489 :: 		
0x0125	0x30FF      	MOVLW      255
0x0126	0x00F0      	MOVWF      R0
;__Lib_Math.c,490 :: 		
0x0127	0x307F      	MOVLW      127
0x0128	0x00F1      	MOVWF      R1
;__Lib_Math.c,491 :: 		
0x0129	0x2983      	GOTO       L_end_Div_16x16_S
;__Lib_Math.c,492 :: 		
L_Div_16x16_S1:
L_Div_16x16_S0:
;__Lib_Math.c,495 :: 		
0x012A	0x1283      	BCF        STATUS, 5
;__Lib_Math.c,496 :: 		
0x012B	0x1303      	BCF        STATUS, 6
;__Lib_Math.c,497 :: 		
0x012C	0x01FD      	CLRF       R13
;__Lib_Math.c,498 :: 		
0x012D	0x01F9      	CLRF       R9
;__Lib_Math.c,499 :: 		
0x012E	0x01F8      	CLRF       R8
;__Lib_Math.c,500 :: 		
0x012F	0x0871      	MOVF       R1, 0
;__Lib_Math.c,501 :: 		
0x0130	0x0470      	IORWF      R0, 0
;__Lib_Math.c,502 :: 		
0x0131	0x1903      	BTFSC      STATUS, 2
;__Lib_Math.c,503 :: 		
0x0132	0x3400      	RETLW      0
;__Lib_Math.c,505 :: 		
0x0133	0x0871      	MOVF       R1, 0
;__Lib_Math.c,506 :: 		
0x0134	0x0675      	XORWF      R5, 0
;__Lib_Math.c,507 :: 		
0x0135	0x00FA      	MOVWF      R10
;__Lib_Math.c,508 :: 		
0x0136	0x1BFA      	BTFSC      R10, 7
;__Lib_Math.c,509 :: 		
0x0137	0x09FD      	COMF       R13, 1
;__Lib_Math.c,511 :: 		
0x0138	0x01FB      	CLRF       R11
;__Lib_Math.c,513 :: 		
0x0139	0x1FF5      	BTFSS      R5, 7
;__Lib_Math.c,514 :: 		
0x013A	0x2940      	GOTO       $+6
;__Lib_Math.c,516 :: 		
0x013B	0x09F4      	COMF       R4, 1
;__Lib_Math.c,517 :: 		
0x013C	0x09F5      	COMF       R5, 1
;__Lib_Math.c,518 :: 		
0x013D	0x0AF4      	INCF       R4, 1
;__Lib_Math.c,519 :: 		
0x013E	0x1903      	BTFSC      STATUS, 2
;__Lib_Math.c,520 :: 		
0x013F	0x0AF5      	INCF       R5, 1
;__Lib_Math.c,522 :: 		
0x0140	0x1FF1      	BTFSS      R1, 7
;__Lib_Math.c,523 :: 		
0x0141	0x2947      	GOTO       $+6
;__Lib_Math.c,525 :: 		
0x0142	0x09F0      	COMF       R0, 1
;__Lib_Math.c,526 :: 		
0x0143	0x09F1      	COMF       R1, 1
;__Lib_Math.c,527 :: 		
0x0144	0x0AF0      	INCF       R0, 1
;__Lib_Math.c,528 :: 		
0x0145	0x1903      	BTFSC      STATUS, 2
;__Lib_Math.c,529 :: 		
0x0146	0x0AF1      	INCF       R1, 1
;__Lib_Math.c,531 :: 		
0x0147	0x0871      	MOVF       R1, 0
;__Lib_Math.c,532 :: 		
0x0148	0x0475      	IORWF      R5, 0
;__Lib_Math.c,533 :: 		
0x0149	0x00FA      	MOVWF      R10
;__Lib_Math.c,534 :: 		
0x014A	0x1BFA      	BTFSC      R10, 7
;__Lib_Math.c,535 :: 		
0x014B	0x295C      	GOTO       $+17
;__Lib_Math.c,537 :: 		
0x014C	0x206D      	CALL       _Div_16x16_S_L
;__Lib_Math.c,539 :: 		
0x014D	0x187B      	BTFSC      R11, 0
;__Lib_Math.c,540 :: 		
0x014E	0x296F      	GOTO       $+33
;__Lib_Math.c,542 :: 		
0x014F	0x1FFD      	BTFSS      R13, 7
;__Lib_Math.c,543 :: 		
0x0150	0x3400      	RETLW      0
;__Lib_Math.c,545 :: 		
0x0151	0x09F0      	COMF       R0, 1
;__Lib_Math.c,546 :: 		
0x0152	0x09F1      	COMF       R1, 1
;__Lib_Math.c,547 :: 		
0x0153	0x0AF0      	INCF       R0, 1
;__Lib_Math.c,548 :: 		
0x0154	0x1903      	BTFSC      STATUS, 2
;__Lib_Math.c,549 :: 		
0x0155	0x0AF1      	INCF       R1, 1
;__Lib_Math.c,551 :: 		
0x0156	0x09F8      	COMF       R8, 1
;__Lib_Math.c,552 :: 		
0x0157	0x09F9      	COMF       R9, 1
;__Lib_Math.c,553 :: 		
0x0158	0x0AF8      	INCF       R8, 1
;__Lib_Math.c,554 :: 		
0x0159	0x1903      	BTFSC      STATUS, 2
;__Lib_Math.c,555 :: 		
0x015A	0x0AF9      	INCF       R9, 1
;__Lib_Math.c,557 :: 		
0x015B	0x3400      	RETLW      0
;__Lib_Math.c,559 :: 		
0x015C	0x1FF5      	BTFSS      R5, 7
;__Lib_Math.c,560 :: 		
0x015D	0x296B      	GOTO       $+14
;__Lib_Math.c,561 :: 		
0x015E	0x1BF1      	BTFSC      R1, 7
;__Lib_Math.c,562 :: 		
0x015F	0x2967      	GOTO       $+8
;__Lib_Math.c,563 :: 		
0x0160	0x0871      	MOVF       R1, 0
;__Lib_Math.c,564 :: 		
0x0161	0x00F9      	MOVWF      R9
;__Lib_Math.c,565 :: 		
0x0162	0x0870      	MOVF       R0, 0
;__Lib_Math.c,566 :: 		
0x0163	0x00F8      	MOVWF      R8
;__Lib_Math.c,567 :: 		
0x0164	0x01F1      	CLRF       R1
;__Lib_Math.c,568 :: 		
0x0165	0x01F0      	CLRF       R0
;__Lib_Math.c,569 :: 		
0x0166	0x294F      	GOTO       $-23
;__Lib_Math.c,570 :: 		
0x0167	0x01F1      	CLRF       R1
;__Lib_Math.c,571 :: 		
0x0168	0x01F0      	CLRF       R0
;__Lib_Math.c,572 :: 		
0x0169	0x0AF0      	INCF       R0, 1
;__Lib_Math.c,573 :: 		
0x016A	0x3400      	RETLW      0
;__Lib_Math.c,575 :: 		
0x016B	0x09F1      	COMF       R1, 1
;__Lib_Math.c,576 :: 		
0x016C	0x09F0      	COMF       R0, 1
;__Lib_Math.c,577 :: 		
0x016D	0x0AFB      	INCF       R11, 1
;__Lib_Math.c,578 :: 		
0x016E	0x294C      	GOTO       $-34
;__Lib_Math.c,580 :: 		
0x016F	0x0AF8      	INCF       R8, 1
;__Lib_Math.c,581 :: 		
0x0170	0x1903      	BTFSC      STATUS, 2
;__Lib_Math.c,582 :: 		
0x0171	0x0AF9      	INCF       R9, 1
;__Lib_Math.c,583 :: 		
0x0172	0x0874      	MOVF       R4, 0
;__Lib_Math.c,584 :: 		
0x0173	0x0278      	SUBWF      R8, 0
;__Lib_Math.c,585 :: 		
0x0174	0x1D03      	BTFSS      STATUS, 2
;__Lib_Math.c,586 :: 		
0x0175	0x294F      	GOTO       $-38
;__Lib_Math.c,587 :: 		
0x0176	0x0875      	MOVF       R5, 0
;__Lib_Math.c,588 :: 		
0x0177	0x0279      	SUBWF      R9, 0
;__Lib_Math.c,589 :: 		
0x0178	0x1D03      	BTFSS      STATUS, 2
;__Lib_Math.c,590 :: 		
0x0179	0x294F      	GOTO       $-42
;__Lib_Math.c,591 :: 		
0x017A	0x01F9      	CLRF       R9
;__Lib_Math.c,592 :: 		
0x017B	0x01F8      	CLRF       R8
;__Lib_Math.c,593 :: 		
0x017C	0x0AF0      	INCF       R0, 1
;__Lib_Math.c,594 :: 		
0x017D	0x1903      	BTFSC      STATUS, 2
;__Lib_Math.c,595 :: 		
0x017E	0x0AF1      	INCF       R1, 1
;__Lib_Math.c,596 :: 		
0x017F	0x1FF1      	BTFSS      R1, 7
;__Lib_Math.c,597 :: 		
0x0180	0x294F      	GOTO       $-49
;__Lib_Math.c,598 :: 		
0x0181	0x0000      	NOP
;__Lib_Math.c,599 :: 		
0x0182	0x34FF      	RETLW      255
;__Lib_Math.c,601 :: 		
L_end_Div_16x16_S:
0x0183	0x0008      	RETURN
; end of _Div_16x16_S
_Compare_Double:
;__Lib_MathDouble.c,2053 :: 		
;__Lib_MathDouble.c,2062 :: 		
;__Lib_MathDouble.c,2064 :: 		
0x0184	0x1283      	BCF        STATUS, 5
;__Lib_MathDouble.c,2065 :: 		
0x0185	0x1303      	BCF        STATUS, 6
;__Lib_MathDouble.c,2067 :: 		
0x0186	0x01FA      	CLRF       R10
;__Lib_MathDouble.c,2068 :: 		
0x0187	0x0873      	MOVF       R3, 0
;__Lib_MathDouble.c,2069 :: 		
0x0188	0x1D03      	BTFSS      STATUS, 2
;__Lib_MathDouble.c,2070 :: 		
0x0189	0x147A      	BSF        R10, 0
;__Lib_MathDouble.c,2071 :: 		
0x018A	0x0877      	MOVF       R7, 0
;__Lib_MathDouble.c,2072 :: 		
0x018B	0x1D03      	BTFSS      STATUS, 2
;__Lib_MathDouble.c,2073 :: 		
0x018C	0x14FA      	BSF        R10, 1
;__Lib_MathDouble.c,2075 :: 		
0x018D	0x087A      	MOVF       R10, 0
;__Lib_MathDouble.c,2076 :: 		
0x018E	0x1903      	BTFSC      STATUS, 2
;__Lib_MathDouble.c,2077 :: 		
0x018F	0x29D0      	GOTO       COMPARE_EQU
;__Lib_MathDouble.c,2078 :: 		
0x0190	0x3A03      	XORLW      3
;__Lib_MathDouble.c,2079 :: 		
0x0191	0x1903      	BTFSC      STATUS, 2
;__Lib_MathDouble.c,2080 :: 		
0x0192	0x299B      	GOTO       COMPARE_NOTZERO
;__Lib_MathDouble.c,2082 :: 		
0x0193	0x187A      	BTFSC      R10, 0
;__Lib_MathDouble.c,2083 :: 		
0x0194	0x2998      	GOTO       COMPARE_XNOTZERO
;__Lib_MathDouble.c,2085 :: 		
0x0195	0x1FF6      	BTFSS      R6, 7
;__Lib_MathDouble.c,2086 :: 		
0x0196	0x29CE      	GOTO       COMPARE_LT
;__Lib_MathDouble.c,2087 :: 		
0x0197	0x29CC      	GOTO       COMPARE_GT
;__Lib_MathDouble.c,2088 :: 		
COMPARE_XNOTZERO:
;__Lib_MathDouble.c,2089 :: 		
0x0198	0x1FF2      	BTFSS      R2, 7
;__Lib_MathDouble.c,2090 :: 		
0x0199	0x29CC      	GOTO       COMPARE_GT
;__Lib_MathDouble.c,2091 :: 		
0x019A	0x29CE      	GOTO       COMPARE_LT
;__Lib_MathDouble.c,2093 :: 		
COMPARE_NOTZERO:
;__Lib_MathDouble.c,2094 :: 		
0x019B	0x0872      	MOVF       R2, 0
;__Lib_MathDouble.c,2095 :: 		
0x019C	0x3980      	ANDLW      128
;__Lib_MathDouble.c,2096 :: 		
0x019D	0x00FA      	MOVWF      R10
;__Lib_MathDouble.c,2097 :: 		
0x019E	0x13F2      	BCF        R2, 7
;__Lib_MathDouble.c,2099 :: 		
0x019F	0x0876      	MOVF       R6, 0
;__Lib_MathDouble.c,2100 :: 		
0x01A0	0x3980      	ANDLW      128
;__Lib_MathDouble.c,2101 :: 		
0x01A1	0x13F6      	BCF        R6, 7
;__Lib_MathDouble.c,2103 :: 		
0x01A2	0x067A      	XORWF      R10, 0
;__Lib_MathDouble.c,2104 :: 		
0x01A3	0x1903      	BTFSC      STATUS, 2
;__Lib_MathDouble.c,2105 :: 		
0x01A4	0x29A9      	GOTO       COMPARE_TESTALL
;__Lib_MathDouble.c,2107 :: 		
0x01A5	0x087A      	MOVF       R10, 0
;__Lib_MathDouble.c,2108 :: 		
0x01A6	0x1903      	BTFSC      STATUS, 2
;__Lib_MathDouble.c,2109 :: 		
0x01A7	0x29CC      	GOTO       COMPARE_GT
;__Lib_MathDouble.c,2110 :: 		
0x01A8	0x29CE      	GOTO       COMPARE_LT
;__Lib_MathDouble.c,2112 :: 		
COMPARE_TESTALL:
;__Lib_MathDouble.c,2113 :: 		
0x01A9	0x0877      	MOVF       R7, 0
;__Lib_MathDouble.c,2114 :: 		
0x01AA	0x0273      	SUBWF      R3, 0
;__Lib_MathDouble.c,2115 :: 		
0x01AB	0x1903      	BTFSC      STATUS, 2
;__Lib_MathDouble.c,2116 :: 		
0x01AC	0x29B0      	GOTO       COMPARE_C1
;__Lib_MathDouble.c,2117 :: 		
0x01AD	0x1C03      	BTFSS      STATUS, 0
;__Lib_MathDouble.c,2118 :: 		
0x01AE	0x29C4      	GOTO       GT_FALSE
;__Lib_MathDouble.c,2119 :: 		
0x01AF	0x29C8      	GOTO       GT_TRUE
;__Lib_MathDouble.c,2120 :: 		
COMPARE_C1:
;__Lib_MathDouble.c,2121 :: 		
0x01B0	0x0876      	MOVF       R6, 0
;__Lib_MathDouble.c,2122 :: 		
0x01B1	0x0272      	SUBWF      R2, 0
;__Lib_MathDouble.c,2123 :: 		
0x01B2	0x1903      	BTFSC      STATUS, 2
;__Lib_MathDouble.c,2124 :: 		
0x01B3	0x29B7      	GOTO       COMPARE_C2
;__Lib_MathDouble.c,2125 :: 		
0x01B4	0x1C03      	BTFSS      STATUS, 0
;__Lib_MathDouble.c,2126 :: 		
0x01B5	0x29C4      	GOTO       GT_FALSE
;__Lib_MathDouble.c,2127 :: 		
0x01B6	0x29C8      	GOTO       GT_TRUE
;__Lib_MathDouble.c,2128 :: 		
COMPARE_C2:
;__Lib_MathDouble.c,2129 :: 		
0x01B7	0x0875      	MOVF       R5, 0
;__Lib_MathDouble.c,2130 :: 		
0x01B8	0x0271      	SUBWF      R1, 0
;__Lib_MathDouble.c,2131 :: 		
0x01B9	0x1903      	BTFSC      STATUS, 2
;__Lib_MathDouble.c,2132 :: 		
0x01BA	0x29BE      	GOTO       COMPARE_C3
;__Lib_MathDouble.c,2133 :: 		
0x01BB	0x1C03      	BTFSS      STATUS, 0
;__Lib_MathDouble.c,2134 :: 		
0x01BC	0x29C4      	GOTO       GT_FALSE
;__Lib_MathDouble.c,2135 :: 		
0x01BD	0x29C8      	GOTO       GT_TRUE
;__Lib_MathDouble.c,2136 :: 		
COMPARE_C3:
;__Lib_MathDouble.c,2137 :: 		
0x01BE	0x0874      	MOVF       R4, 0
;__Lib_MathDouble.c,2138 :: 		
0x01BF	0x0270      	SUBWF      R0, 0
;__Lib_MathDouble.c,2139 :: 		
0x01C0	0x1903      	BTFSC      STATUS, 2
;__Lib_MathDouble.c,2140 :: 		
0x01C1	0x29D0      	GOTO       COMPARE_EQU
;__Lib_MathDouble.c,2141 :: 		
0x01C2	0x1803      	BTFSC      STATUS, 0
;__Lib_MathDouble.c,2142 :: 		
0x01C3	0x29C8      	GOTO       GT_TRUE
;__Lib_MathDouble.c,2144 :: 		
GT_FALSE:
;__Lib_MathDouble.c,2145 :: 		
0x01C4	0x08FA      	MOVF       R10, 1
;__Lib_MathDouble.c,2146 :: 		
0x01C5	0x1903      	BTFSC      STATUS, 2
;__Lib_MathDouble.c,2147 :: 		
0x01C6	0x29CE      	GOTO       COMPARE_LT
;__Lib_MathDouble.c,2148 :: 		
0x01C7	0x29CC      	GOTO       COMPARE_GT
;__Lib_MathDouble.c,2149 :: 		
GT_TRUE:
;__Lib_MathDouble.c,2150 :: 		
0x01C8	0x08FA      	MOVF       R10, 1
;__Lib_MathDouble.c,2151 :: 		
0x01C9	0x1903      	BTFSC      STATUS, 2
;__Lib_MathDouble.c,2152 :: 		
0x01CA	0x29CC      	GOTO       COMPARE_GT
;__Lib_MathDouble.c,2153 :: 		
0x01CB	0x29CE      	GOTO       COMPARE_LT
;__Lib_MathDouble.c,2155 :: 		
COMPARE_GT:
;__Lib_MathDouble.c,2158 :: 		
0x01CC	0x1403      	BSF        STATUS, 0
;__Lib_MathDouble.c,2159 :: 		
0x01CD	0x0008      	RETURN
;__Lib_MathDouble.c,2160 :: 		
COMPARE_LT:
;__Lib_MathDouble.c,2163 :: 		
0x01CE	0x1003      	BCF        STATUS, 0
;__Lib_MathDouble.c,2164 :: 		
0x01CF	0x0008      	RETURN
;__Lib_MathDouble.c,2165 :: 		
COMPARE_EQU:
;__Lib_MathDouble.c,2168 :: 		
0x01D0	0x1403      	BSF        STATUS, 0
;__Lib_MathDouble.c,2169 :: 		
0x01D1	0x1503      	BSF        STATUS, 2
;__Lib_MathDouble.c,2170 :: 		
0x01D2	0x0008      	RETURN
;__Lib_MathDouble.c,2172 :: 		
L_end_Compare_Double:
0x01D3	0x0008      	RETURN
; end of _Compare_Double
___CC2DW:
;__Lib_System.c,134 :: 		
;__Lib_System.c,137 :: 		
_CC2D_Loop1:
;__Lib_System.c,139 :: 		
0x01D4	0x2066      	CALL       _____DoICP
0x01D5	0x118A      	BCF        PCLATH, 3
0x01D6	0x120A      	BCF        PCLATH, 4
;__Lib_System.c,141 :: 		
0x01D7	0x0080      	MOVWF      INDF
;__Lib_System.c,142 :: 		
0x01D8	0x0A84      	INCF       FSR, 1
;__Lib_System.c,143 :: 		
0x01D9	0x0AAE      	INCF       ___DoICPAddr, 1
;__Lib_System.c,145 :: 		
0x01DA	0x1903      	BTFSC      STATUS, 2
;__Lib_System.c,146 :: 		
0x01DB	0x0AAF      	INCF       ___DoICPAddr+1, 1
;__Lib_System.c,147 :: 		
0x01DC	0x03F0      	DECF       R0, 1
;__Lib_System.c,149 :: 		
0x01DD	0x1D03      	BTFSS      STATUS, 2
;__Lib_System.c,150 :: 		
0x01DE	0x29D4      	GOTO       _CC2D_Loop1
;__Lib_System.c,152 :: 		
L_end___CC2DW:
0x01DF	0x0008      	RETURN
; end of ___CC2DW
_ATD_read:
;litter box.c,96 :: 		unsigned int ATD_read(void){
;litter box.c,97 :: 		ADCON0=ADCON0 | 0x04;  // GO
0x01E0	0x1283      	BCF        STATUS, 5
0x01E1	0x1303      	BCF        STATUS, 6
0x01E2	0x151F      	BSF        ADCON0, 2
;litter box.c,98 :: 		while(ADCON0&0x04);    // wait until DONE
L_ATD_read13:
0x01E3	0x1D1F      	BTFSS      ADCON0, 2
0x01E4	0x29E6      	GOTO       L_ATD_read14
0x01E5	0x29E3      	GOTO       L_ATD_read13
L_ATD_read14:
;litter box.c,99 :: 		return (ADRESH<<8)|ADRESL;
0x01E6	0x081E      	MOVF       ADRESH, 0
0x01E7	0x00F1      	MOVWF      R0+1
0x01E8	0x01F0      	CLRF       R0
0x01E9	0x1683      	BSF        STATUS, 5
0x01EA	0x081E      	MOVF       ADRESL, 0
0x01EB	0x04F0      	IORWF      R0, 1
0x01EC	0x3000      	MOVLW      0
0x01ED	0x04F1      	IORWF      R0+1, 1
;litter box.c,100 :: 		}
L_end_ATD_read:
0x01EE	0x0008      	RETURN
; end of _ATD_read
_msDelay:
;litter box.c,102 :: 		void msDelay(unsigned int mscnt) {
;litter box.c,105 :: 		for (ms = 0; ms < mscnt; ms++) {
0x01EF	0x1283      	BCF        STATUS, 5
0x01F0	0x1303      	BCF        STATUS, 6
0x01F1	0x01F1      	CLRF       R1
0x01F2	0x01F2      	CLRF       R1+1
L_msDelay15:
0x01F3	0x0836      	MOVF       FARG_msDelay_mscnt+1, 0
0x01F4	0x0272      	SUBWF      R1+1, 0
0x01F5	0x1D03      	BTFSS      STATUS, 2
0x01F6	0x29F9      	GOTO       L__msDelay31
0x01F7	0x0835      	MOVF       FARG_msDelay_mscnt, 0
0x01F8	0x0271      	SUBWF      R1, 0
L__msDelay31:
0x01F9	0x1803      	BTFSC      STATUS, 0
0x01FA	0x2A0D      	GOTO       L_msDelay16
;litter box.c,106 :: 		for (cnt = 0; cnt < 155; cnt++);//1ms
0x01FB	0x01F3      	CLRF       R3
0x01FC	0x01F4      	CLRF       R3+1
L_msDelay18:
0x01FD	0x3000      	MOVLW      0
0x01FE	0x0274      	SUBWF      R3+1, 0
0x01FF	0x1D03      	BTFSS      STATUS, 2
0x0200	0x2A03      	GOTO       L__msDelay32
0x0201	0x309B      	MOVLW      155
0x0202	0x0273      	SUBWF      R3, 0
L__msDelay32:
0x0203	0x1803      	BTFSC      STATUS, 0
0x0204	0x2A09      	GOTO       L_msDelay19
0x0205	0x0AF3      	INCF       R3, 1
0x0206	0x1903      	BTFSC      STATUS, 2
0x0207	0x0AF4      	INCF       R3+1, 1
0x0208	0x29FD      	GOTO       L_msDelay18
L_msDelay19:
;litter box.c,105 :: 		for (ms = 0; ms < mscnt; ms++) {
0x0209	0x0AF1      	INCF       R1, 1
0x020A	0x1903      	BTFSC      STATUS, 2
0x020B	0x0AF2      	INCF       R1+1, 1
;litter box.c,107 :: 		}
0x020C	0x29F3      	GOTO       L_msDelay15
L_msDelay16:
;litter box.c,108 :: 		}
L_end_msDelay:
0x020D	0x0008      	RETURN
; end of _msDelay
_main:
;litter box.c,37 :: 		void main() {
;litter box.c,38 :: 		TRISC = 0x00;
0x020E	0x1683      	BSF        STATUS, 5
0x020F	0x1303      	BCF        STATUS, 6
0x0210	0x0187      	CLRF       TRISC
;litter box.c,39 :: 		PORTC = 0x00;
0x0211	0x1283      	BCF        STATUS, 5
0x0212	0x0187      	CLRF       PORTC
;litter box.c,40 :: 		TRISB = 0xff;
0x0213	0x30FF      	MOVLW      255
0x0214	0x1683      	BSF        STATUS, 5
0x0215	0x0086      	MOVWF      TRISB
;litter box.c,42 :: 		TRISD = 0x00;
0x0216	0x0188      	CLRF       TRISD
;litter box.c,43 :: 		PORTD=0x00;
0x0217	0x1283      	BCF        STATUS, 5
0x0218	0x0188      	CLRF       PORTD
;litter box.c,44 :: 		ATD_init();
0x0219	0x20E6      	CALL       _ATD_init
;litter box.c,45 :: 		TMR1H = 0;
0x021A	0x1283      	BCF        STATUS, 5
0x021B	0x018F      	CLRF       TMR1H
;litter box.c,46 :: 		TMR1L = 0;
0x021C	0x018E      	CLRF       TMR1L
;litter box.c,48 :: 		HL = 1;
0x021D	0x3001      	MOVLW      1
0x021E	0x00B2      	MOVWF      _HL
;litter box.c,49 :: 		CCP1CON = 0x08;        // Compare mode, set output on match
0x021F	0x3008      	MOVLW      8
0x0220	0x0097      	MOVWF      CCP1CON
;litter box.c,51 :: 		T1CON = 0x01;          // TMR1 On Fosc/4 (inc 0.5uS) with 0 prescaler (TMR1 overflow after 0xFFFF counts == 65535)==> 32.767ms
0x0221	0x3001      	MOVLW      1
0x0222	0x0090      	MOVWF      T1CON
;litter box.c,53 :: 		INTCON = 0xC0;         // Enable GIE and peripheral interrupts
0x0223	0x30C0      	MOVLW      192
0x0224	0x008B      	MOVWF      INTCON
;litter box.c,54 :: 		PIE1 = PIE1|0x04;      // Enable CCP1 interrupts
0x0225	0x1683      	BSF        STATUS, 5
0x0226	0x150C      	BSF        PIE1, 2
;litter box.c,55 :: 		angle = 900;
0x0227	0x3084      	MOVLW      132
0x0228	0x1283      	BCF        STATUS, 5
0x0229	0x00AA      	MOVWF      _angle
0x022A	0x3003      	MOVLW      3
0x022B	0x00AB      	MOVWF      _angle+1
;litter box.c,56 :: 		msDelay(3000);
0x022C	0x30B8      	MOVLW      184
0x022D	0x00B5      	MOVWF      FARG_msDelay_mscnt
0x022E	0x300B      	MOVLW      11
0x022F	0x00B6      	MOVWF      FARG_msDelay_mscnt+1
0x0230	0x21EF      	CALL       _msDelay
;litter box.c,57 :: 		angle = 900;
0x0231	0x3084      	MOVLW      132
0x0232	0x00AA      	MOVWF      _angle
0x0233	0x3003      	MOVLW      3
0x0234	0x00AB      	MOVWF      _angle+1
;litter box.c,59 :: 		while(1){
L_main3:
;litter box.c,60 :: 		k = ATD_read();  // 0-1023
0x0235	0x21E0      	CALL       _ATD_read
0x0236	0x0870      	MOVF       R0, 0
0x0237	0x1283      	BCF        STATUS, 5
0x0238	0x00AC      	MOVWF      _k
0x0239	0x0871      	MOVF       R0+1, 0
0x023A	0x00AD      	MOVWF      _k+1
;litter box.c,61 :: 		v = ((k*5)/1023);
0x023B	0x3005      	MOVLW      5
0x023C	0x00F4      	MOVWF      R4
0x023D	0x3000      	MOVLW      0
0x023E	0x00F5      	MOVWF      R4+1
0x023F	0x20F0      	CALL       _Mul_16x16_U
0x0240	0x30FF      	MOVLW      255
0x0241	0x00F4      	MOVWF      R4
0x0242	0x3003      	MOVLW      3
0x0243	0x00F5      	MOVWF      R4+1
0x0244	0x211B      	CALL       _Div_16x16_S
0x0245	0x20C8      	CALL       _Int2Double
0x0246	0x0870      	MOVF       R0, 0
0x0247	0x00A6      	MOVWF      _v
0x0248	0x0871      	MOVF       R0+1, 0
0x0249	0x00A7      	MOVWF      _v+1
0x024A	0x0872      	MOVF       R0+2, 0
0x024B	0x00A8      	MOVWF      _v+2
0x024C	0x0873      	MOVF       R0+3, 0
0x024D	0x00A9      	MOVWF      _v+3
;litter box.c,62 :: 		if(v>=3){
0x024E	0x3000      	MOVLW      0
0x024F	0x00F4      	MOVWF      R4
0x0250	0x3000      	MOVLW      0
0x0251	0x00F5      	MOVWF      R4+1
0x0252	0x3040      	MOVLW      64
0x0253	0x00F6      	MOVWF      R4+2
0x0254	0x3080      	MOVLW      128
0x0255	0x00F7      	MOVWF      R4+3
0x0256	0x2184      	CALL       _Compare_Double
0x0257	0x3001      	MOVLW      1
0x0258	0x1C03      	BTFSS      STATUS, 0
0x0259	0x3000      	MOVLW      0
0x025A	0x00F0      	MOVWF      R0
0x025B	0x0870      	MOVF       R0, 0
0x025C	0x1903      	BTFSC      STATUS, 2
0x025D	0x2A61      	GOTO       L_main5
;litter box.c,63 :: 		PORTD=0x01;
0x025E	0x3001      	MOVLW      1
0x025F	0x0088      	MOVWF      PORTD
;litter box.c,64 :: 		}
0x0260	0x2A62      	GOTO       L_main6
L_main5:
;litter box.c,66 :: 		PORTD=0x00;
0x0261	0x0188      	CLRF       PORTD
;litter box.c,67 :: 		}
L_main6:
;litter box.c,72 :: 		if(c1 == 0 && PORTB==0x00){
0x0262	0x3000      	MOVLW      0
0x0263	0x0631      	XORWF      _c1+1, 0
0x0264	0x1D03      	BTFSS      STATUS, 2
0x0265	0x2A68      	GOTO       L__main26
0x0266	0x3000      	MOVLW      0
0x0267	0x0630      	XORWF      _c1, 0
L__main26:
0x0268	0x1D03      	BTFSS      STATUS, 2
0x0269	0x2A77      	GOTO       L_main9
0x026A	0x0806      	MOVF       PORTB, 0
0x026B	0x3A00      	XORLW      0
0x026C	0x1D03      	BTFSS      STATUS, 2
0x026D	0x2A77      	GOTO       L_main9
L__main22:
;litter box.c,73 :: 		msDelay(2000);c1=1;}
0x026E	0x30D0      	MOVLW      208
0x026F	0x00B5      	MOVWF      FARG_msDelay_mscnt
0x0270	0x3007      	MOVLW      7
0x0271	0x00B6      	MOVWF      FARG_msDelay_mscnt+1
0x0272	0x21EF      	CALL       _msDelay
0x0273	0x3001      	MOVLW      1
0x0274	0x00B0      	MOVWF      _c1
0x0275	0x3000      	MOVLW      0
0x0276	0x00B1      	MOVWF      _c1+1
L_main9:
;litter box.c,75 :: 		if(c1==1 &&  PORTB==0x02){
0x0277	0x3000      	MOVLW      0
0x0278	0x0631      	XORWF      _c1+1, 0
0x0279	0x1D03      	BTFSS      STATUS, 2
0x027A	0x2A7D      	GOTO       L__main27
0x027B	0x3001      	MOVLW      1
0x027C	0x0630      	XORWF      _c1, 0
L__main27:
0x027D	0x1D03      	BTFSS      STATUS, 2
0x027E	0x2A9C      	GOTO       L_main12
0x027F	0x0806      	MOVF       PORTB, 0
0x0280	0x3A02      	XORLW      2
0x0281	0x1D03      	BTFSS      STATUS, 2
0x0282	0x2A9C      	GOTO       L_main12
L__main21:
;litter box.c,76 :: 		msDelay(60000);
0x0283	0x3060      	MOVLW      96
0x0284	0x00B5      	MOVWF      FARG_msDelay_mscnt
0x0285	0x30EA      	MOVLW      234
0x0286	0x00B6      	MOVWF      FARG_msDelay_mscnt+1
0x0287	0x21EF      	CALL       _msDelay
;litter box.c,77 :: 		angle = 2500;
0x0288	0x30C4      	MOVLW      196
0x0289	0x00AA      	MOVWF      _angle
0x028A	0x3009      	MOVLW      9
0x028B	0x00AB      	MOVWF      _angle+1
;litter box.c,78 :: 		msDelay(5000);
0x028C	0x3088      	MOVLW      136
0x028D	0x00B5      	MOVWF      FARG_msDelay_mscnt
0x028E	0x3013      	MOVLW      19
0x028F	0x00B6      	MOVWF      FARG_msDelay_mscnt+1
0x0290	0x21EF      	CALL       _msDelay
;litter box.c,79 :: 		angle = 900;
0x0291	0x3084      	MOVLW      132
0x0292	0x00AA      	MOVWF      _angle
0x0293	0x3003      	MOVLW      3
0x0294	0x00AB      	MOVWF      _angle+1
;litter box.c,80 :: 		c1=0;
0x0295	0x01B0      	CLRF       _c1
0x0296	0x01B1      	CLRF       _c1+1
;litter box.c,81 :: 		msDelay(100);
0x0297	0x3064      	MOVLW      100
0x0298	0x00B5      	MOVWF      FARG_msDelay_mscnt
0x0299	0x3000      	MOVLW      0
0x029A	0x00B6      	MOVWF      FARG_msDelay_mscnt+1
0x029B	0x21EF      	CALL       _msDelay
;litter box.c,82 :: 		}
L_main12:
;litter box.c,86 :: 		}
0x029C	0x2A35      	GOTO       L_main3
;litter box.c,88 :: 		}
L_end_main:
0x029D	0x2A9D      	GOTO       $+0
; end of _main
Symbol List:
//** Routines locations **
//ADDRESS    SIZE    PROCEDURE
//----------------------------------------------
0x0004      [75]    _interrupt
0x004F       [7]    _RES032
0x0056      [12]    _SETFUN32
0x0062       [4]    _FIXSIGN32
0x0066       [7]    _____DoICP
0x006D      [44]    _Div_16x16_S_L
0x0099      [47]    _NRM3232
0x00C8      [30]    _Int2Double
0x00E6      [10]    _ATD_init
0x00F0      [43]    _Mul_16x16_U
0x011B     [105]    _Div_16x16_S
0x0184      [80]    _Compare_Double
0x01D4      [12]    ___CC2DW
0x01E0      [15]    _ATD_read
0x01EF      [31]    _msDelay
0x020E     [144]    _main
//** Variables locations ** 
//ADDRESS    SIZE    VARIABLE
//----------------------------------------------
0x0000       [1]    INDF
0x0002       [1]    PCL
0x0003       [1]    STATUS
0x0004       [1]    FSR
0x0006       [1]    PORTB
0x0007       [1]    PORTC
0x0008       [1]    PORTD
0x000A       [1]    PCLATH
0x000B       [1]    INTCON
0x000C       [1]    PIR1
0x000E       [1]    TMR1L
0x000F       [1]    TMR1H
0x0010       [1]    T1CON
0x0015       [1]    CCPR1L
0x0016       [1]    CCPR1H
0x0017       [1]    CCP1CON
0x001E       [1]    ADRESH
0x001F       [1]    ADCON0
0x0020       [1]    __math_tempbD
0x0026       [4]    _v
0x002A       [2]    _angle
0x002C       [2]    _k
0x002E       [2]    ___DoICPAddr
0x0030       [2]    _c1
0x0032       [1]    _HL
0x0033       [1]    ___savePCLATH
0x0034       [1]    ___saveSTATUS
0x0035       [2]    FARG_msDelay_mscnt
0x0070       [1]    R0
0x0071       [1]    R1
0x0072       [1]    R2
0x0073       [1]    R3
0x0074       [1]    R4
0x0075       [1]    R5
0x0076       [1]    R6
0x0077       [1]    R7
0x0078       [1]    R8
0x0079       [1]    R9
0x007A       [1]    R10
0x007B       [1]    R11
0x007C       [1]    R12
0x007D       [1]    R13
0x007E       [1]    R14
0x007F       [1]    R15
0x0085       [1]    TRISA
0x0086       [1]    TRISB
0x0087       [1]    TRISC
0x0088       [1]    TRISD
0x008C       [1]    PIE1
0x009E       [1]    ADRESL
0x009F       [1]    ADCON1
//** Label List: ** 
//----------------------------------------------
  L_interrupt0
  L_interrupt1
  L_interrupt2
  L_main3
  L_main4
  L_main5
  L_main6
  L_main7
  L_main8
  L_main9
  L_main10
  L_main11
  L_main12
  L_ATD_read13
  L_ATD_read14
  L_msDelay15
  L_msDelay16
  L_msDelay17
  L_msDelay18
  L_msDelay19
  L_msDelay20
  L__main21
  L__main22
  L_end_interrupt
  _interrupt
  L__interrupt24
  L_end_main
  _main
  L__main26
  L__main27
  L_end_ATD_init
  _ATD_init
  L_end_ATD_read
  _ATD_read
  L_end_msDelay
  _msDelay
  L__msDelay31
  L__msDelay32
  L_Div_16x16_S0
  L_Div_16x16_S1
  LOOPS3232A
  SADD22LA
  SOK22LA
  SADD22L8
  SOK22L8
  LOOPS3232B
  SADD22LB
  SOK22LB
  SADD22L16
  SOK22L16
  LOOPS3232C
  SADD22LC
  SOK22LC
  SADD22L24
  SOK22L24
  LOOPS3232D
  SADD22LD
  SOK22LD
  SOK22L
  L_Div_32x32_S6
  L_Div_32x32_S7
  L_Div_32x32_S8
  L_Div_32x32_S9
  FXD3232S
  END_ALL
  CA3232S
  C3232SX
  C3232SX1
  C3232S
  C3232S2
  C3232SX4
  C3232SOK
  C3232SX3
  C3232SX2
  avoid_comfrem
  LOOPU3232A
  UADD22LA
  UOK22LA
  UADD22L8
  UOK22L8
  LOOPU3232B
  UADD22LB
  UOK22LB
  UADD22L16
  UOK22L16
  LOOPU3232C
  UADD22LC
  UOK22LC
  UADD22L24
  UOK22L24
  LOOPU3232D
  UADD22LD
  UOK22LD
  UOK22L
  _NEXT
  _EXIT2
  _LOOP
  _EXIT1
  _IF_FIRST
  _IF_SECOND
  _INVERCE_FIRST
  _MULT
  _INBERSE_SECOND
  _EXIT
  L_end_Mul_8x8_U
  _Mul_8x8_U
  L_end_Mul_16x16_U
  _Mul_16x16_U
  L_end_Div_8x8_U
  _Div_8x8_U
  L_end_Div_16x16_U
  _Div_16x16_U
  L_end_Mul_8x8_S
  _Mul_8x8_S
  L_end_Mul_16x16_S
  _Mul_16x16_S
  L_end_Div_16x16_S_L
  _Div_16x16_S_L
  L_end_Div_16x16_S
  _Div_16x16_S
  L_end_Div_8x8_S
  _Div_8x8_S
  L_end_SDIV3232L
  _SDIV3232L
  L_end_COMFREM
  _COMFREM
  L_end_Div_32x32_S
  _Div_32x32_S
  L_end_Div_32x32_U
  _Div_32x32_U
  L_end_Mul_32x32_U
  _Mul_32x32_U
  L_end_Mul_32x32_S
  _Mul_32x32_S
  SETFOV32EEE
  SETFUN32EEE
  NORM3232
  JPNRES032
  JPNSETFUN32
  NORM3232A
  JMPNFIXSIGN32
  NORM32EEE
  NRMRND4032
  NRM4032
  JMPSETFOV32
  NORM4032
  JMPRES032
  JMPSETFUN32
  NORM4032A
  JMPFIXSIGN32
  NRM4032EEE
  USEA32
  JMPEEE
  ALIGNED32
  ALIGNB32
  ALOOPB32
  AOK32
  ACOMP32
  JMPNRMRND4032
  ADD_JMPSETFOV32
  JMPNRM4032
  JMPNRM32
  ADD32EEE
  FPM32
  JPMRES032
  M32BNE0
  MTUN32
  JPMSETFOV32
  MOK32
  JPMSETFUN32
  MLOOP32
  MNOADD32
  MADD32
  MROUND32
  MUL32OK
  MUL32EEE
  L_Div_32x32_FP7
  L_Div_32x32_FP8
  L_Div_32x32_FP9
  L_Div_32x32_FP10
  FPD32
  JPDSETFDZ32
  JPDRES032
  D32BNE0
  TALIGN32
  TS1ALIGN32
  TS2ALIGN32
  DALIGN32OK
  ALTB32
  AGEB32
  JPDSETFOV32
  DARGOK32
  JPDSETFUN32
  DLOOP32
  DS132
  DS232
  DREST32
  DOK32
  DAREST32
  DROUND32
  DIV32OK
  DIV32EEE
  SETIOV3224EEE
  INT3232U
  INT3232UEOK
  SETEXP32U
  SETIOV32U
  TSHIFT3232U
  SHIFT3232UOK
  SHIFT3232U
  INT3232UOK
  JPLSETIOV3224
  IRES032U
  INT3232UEER
  INT3232UEEE
  L_Double2Longword_0
  INT3232
  INT3232EOK
  SETIOV32
  TSHIFT3232
  SHIFT3232OK
  SHIFT3232
  INT3232OK
  JPISETIOV3224
  IRES032
  INT3232EER
  INT3232EEE
  L_Double2Longint_0
  INT3216
  IRES016
  SETIOV16
  TSHIFT3216
  SHIFT3216OK
  SHIFT3216
  INT3216OK
  JPJSETIOV3224
  INT3216EOK
  INT3216EER
  INT3216EEE
  L_Double2Int_0
  INT3216U
  IRES016U
  SETEXP16U
  SETIOV16U
  TSHIFT3216U
  SHIFT3216UOK
  SHIFT3216U
  INT3216UOK
  JPKSETIOV3224
  INT3216UEOK
  INT3216UEER
  INT3216UEEE
  L_Double2Word_0
  INT32U08
  IRES008
  SETEXP08
  SETIOV08
  TSHIFT3208
  SHIFT3208OK
  SHIFT3208
  INT3208OK
  D2B_JPKSETIOV3224
  INT3208EOK
  INT3208EER
  INT3208EEE
  L_Double2Byte_0
  FLO08U32
  FLO1632
  FLO1632EEE
  FLO16U32
  FLO3232
  FLO3232EEE
  FLO32U32
  EQU_FALSE
  COMPARE_EQU
  COMPARE_NOTZERO
  COMPARE_XNOTZERO
  COMPARE_YNOTZERO
  COMPARE_LT
  COMPARE_GT
  COMPARE_TESTALL
  COMPARE_C1
  GT_FALSE
  GT_TRUE
  COMPARE_C2
  COMPARE_C3
  L_end_SETFOV32
  _SETFOV32
  L_end_SETFDZ32
  _SETFDZ32
  L_end_FIXSIGN32
  _FIXSIGN32
  L_end_RES032
  _RES032
  L_end_SETFUN32
  _SETFUN32
  L_end_NRM3232
  _NRM3232
  L_end_NRM4032
  _NRM4032
  L_end_Add_32x32_FP
  _Add_32x32_FP
  L_end_Sub_32x32_FP
  _Sub_32x32_FP
  L_end_Mul_32x32_FP
  _Mul_32x32_FP
  L_end_Div_32x32_FP
  _Div_32x32_FP
  L_end_SETIOV3224
  _SETIOV3224
  L_end_Double2Longword
  _Double2Longword
  L_end_Double2Longint
  _Double2Longint
  L_end_Double2Int
  _Double2Int
  L_end_Double2Word
  _Double2Word
  L_end_Double2Byte
  _Double2Byte
  L_end_Byte2Double
  _Byte2Double
  L_end_Int2Double
  _Int2Double
  L_end_Word2Double
  _Word2Double
  L_end_Longint2Double
  _Longint2Double
  L_end_Longword2Double
  _Longword2Double
  L_end_Equals_Double
  _Equals_Double
  L_end_Compare_Double
  _Compare_Double
  L_loopCA2AWs
  L_CA2AWend
  _CCA2AW_Loop1
  L_loopCS2Ss
  L_CS2Send
  _CCS2S_Loop1
  L_CCS2Send
  L_loopFZinSWs
  L_FZinSend
  _CC2D_Loop1
  L_end_____DoICP
  _____DoICP
  L_end_____DoIFC
  _____DoIFC
  L_end___CA2AW
  ___CA2AW
  L_end___CCA2AW
  ___CCA2AW
  L_end___CS2S
  ___CS2S
  L_end___CCS2S
  ___CCS2S
  L_end___FZinS
  ___FZinS
  L_end___CC2DW
  ___CC2DW
  L_end_Swap
  _Swap
  L_interrupt0
  L_interrupt1
  L_interrupt2
  L_main3
  L_main4
  L_main5
  L_main6
  L_main7
  L_main8
  L_main9
  L_main10
  L_main11
  L_main12
  L_ATD_read13
  L_ATD_read14
  L_msDelay15
  L_msDelay16
  L_msDelay17
  L_msDelay18
  L_msDelay19
  L_msDelay20
  L__main21
  L__main22
  L_end_interrupt
  _interrupt
  L__interrupt24
  L_end_main
  _main
  L__main26
  L__main27
  L_end_ATD_init
  _ATD_init
  L_end_ATD_read
  _ATD_read
  L_end_msDelay
  _msDelay
  L__msDelay31
  L__msDelay32
